  [1m[36m (93.7ms)[0m  [1mCREATE TABLE "schema_migrations" ("version" varchar NOT NULL) [0m
  [1m[35m (0.0ms)[0m  select sqlite_version(*)
  [1m[36m (93.8ms)[0m  [1mCREATE UNIQUE INDEX "unique_schema_migrations" ON "schema_migrations" ("version")[0m
  [1m[35mActiveRecord::SchemaMigration Load (0.0ms)[0m  SELECT "schema_migrations".* FROM "schema_migrations"
Migrating to CreateMovies (20150809022253)
  [1m[36m (0.0ms)[0m  [1mbegin transaction[0m
DEPRECATION WARNING: `#timestamps` was called without specifying an option for `null`. In Rails 5, this behavior will change to `null: false`. You should manually specify `null: true` to prevent the behavior of your existing migrations from changing. (called from block in change at F:/1 TAMU/2016 fall/csce 606 software engineering/homework/homework3/rottenpotatoes-rails-intro/db/migrate/20150809022253_create_movies.rb:10)
  [1m[35m (15.6ms)[0m  CREATE TABLE "movies" ("id" INTEGER PRIMARY KEY AUTOINCREMENT NOT NULL, "title" varchar, "rating" varchar, "description" text, "release_date" datetime, "created_at" datetime, "updated_at" datetime) 
  [1m[36mSQL (0.0ms)[0m  [1mINSERT INTO "schema_migrations" ("version") VALUES (?)[0m  [["version", "20150809022253"]]
  [1m[35m (93.7ms)[0m  commit transaction
  [1m[36mActiveRecord::SchemaMigration Load (0.0ms)[0m  [1mSELECT "schema_migrations".* FROM "schema_migrations"[0m
  [1m[36mActiveRecord::SchemaMigration Load (0.0ms)[0m  [1mSELECT "schema_migrations".* FROM "schema_migrations"[0m
  [1m[35m (0.0ms)[0m  begin transaction
  [1m[36mSQL (0.0ms)[0m  [1mINSERT INTO "movies" ("title", "rating", "release_date", "created_at", "updated_at") VALUES (?, ?, ?, ?, ?)[0m  [["title", "Aladdin"], ["rating", "G"], ["release_date", "1992-11-25 00:00:00.000000"], ["created_at", "2016-10-16 18:31:18.168870"], ["updated_at", "2016-10-16 18:31:18.168870"]]
  [1m[35m (78.3ms)[0m  commit transaction
  [1m[36m (0.0ms)[0m  [1mbegin transaction[0m
  [1m[35mSQL (0.0ms)[0m  INSERT INTO "movies" ("title", "rating", "release_date", "created_at", "updated_at") VALUES (?, ?, ?, ?, ?)  [["title", "The Terminator"], ["rating", "R"], ["release_date", "1984-10-26 00:00:00.000000"], ["created_at", "2016-10-16 18:31:18.262803"], ["updated_at", "2016-10-16 18:31:18.262803"]]
  [1m[36m (125.1ms)[0m  [1mcommit transaction[0m
  [1m[35m (0.0ms)[0m  begin transaction
  [1m[36mSQL (0.0ms)[0m  [1mINSERT INTO "movies" ("title", "rating", "release_date", "created_at", "updated_at") VALUES (?, ?, ?, ?, ?)[0m  [["title", "When Harry Met Sally"], ["rating", "R"], ["release_date", "1989-07-21 00:00:00.000000"], ["created_at", "2016-10-16 18:31:18.387879"], ["updated_at", "2016-10-16 18:31:18.387879"]]
  [1m[35m (125.0ms)[0m  commit transaction
  [1m[36m (0.0ms)[0m  [1mbegin transaction[0m
  [1m[35mSQL (31.3ms)[0m  INSERT INTO "movies" ("title", "rating", "release_date", "created_at", "updated_at") VALUES (?, ?, ?, ?, ?)  [["title", "The Help"], ["rating", "PG-13"], ["release_date", "2011-08-10 00:00:00.000000"], ["created_at", "2016-10-16 18:31:18.528497"], ["updated_at", "2016-10-16 18:31:18.528497"]]
  [1m[36m (156.3ms)[0m  [1mcommit transaction[0m
  [1m[35m (0.0ms)[0m  begin transaction
  [1m[36mSQL (0.0ms)[0m  [1mINSERT INTO "movies" ("title", "rating", "release_date", "created_at", "updated_at") VALUES (?, ?, ?, ?, ?)[0m  [["title", "Chocolat"], ["rating", "PG-13"], ["release_date", "2001-01-05 00:00:00.000000"], ["created_at", "2016-10-16 18:31:18.716024"], ["updated_at", "2016-10-16 18:31:18.716024"]]
  [1m[35m (109.4ms)[0m  commit transaction
  [1m[36m (0.0ms)[0m  [1mbegin transaction[0m
  [1m[35mSQL (0.0ms)[0m  INSERT INTO "movies" ("title", "rating", "release_date", "created_at", "updated_at") VALUES (?, ?, ?, ?, ?)  [["title", "Amelie"], ["rating", "R"], ["release_date", "2001-04-25 00:00:00.000000"], ["created_at", "2016-10-16 18:31:18.825382"], ["updated_at", "2016-10-16 18:31:18.825382"]]
  [1m[36m (62.5ms)[0m  [1mcommit transaction[0m
  [1m[35m (0.0ms)[0m  begin transaction
  [1m[36mSQL (0.0ms)[0m  [1mINSERT INTO "movies" ("title", "rating", "release_date", "created_at", "updated_at") VALUES (?, ?, ?, ?, ?)[0m  [["title", "2001: A Space Odyssey"], ["rating", "G"], ["release_date", "1968-04-06 00:00:00.000000"], ["created_at", "2016-10-16 18:31:18.919120"], ["updated_at", "2016-10-16 18:31:18.919120"]]
  [1m[35m (78.1ms)[0m  commit transaction
  [1m[36m (0.0ms)[0m  [1mbegin transaction[0m
  [1m[35mSQL (0.0ms)[0m  INSERT INTO "movies" ("title", "rating", "release_date", "created_at", "updated_at") VALUES (?, ?, ?, ?, ?)  [["title", "The Incredibles"], ["rating", "PG"], ["release_date", "2004-11-05 00:00:00.000000"], ["created_at", "2016-10-16 18:31:18.997264"], ["updated_at", "2016-10-16 18:31:18.997264"]]
  [1m[36m (93.9ms)[0m  [1mcommit transaction[0m
  [1m[35m (0.0ms)[0m  begin transaction
  [1m[36mSQL (0.0ms)[0m  [1mINSERT INTO "movies" ("title", "rating", "release_date", "created_at", "updated_at") VALUES (?, ?, ?, ?, ?)[0m  [["title", "Raiders of the Lost Ark"], ["rating", "PG"], ["release_date", "1981-06-12 00:00:00.000000"], ["created_at", "2016-10-16 18:31:19.106756"], ["updated_at", "2016-10-16 18:31:19.106756"]]
  [1m[35m (140.6ms)[0m  commit transaction
  [1m[36m (0.0ms)[0m  [1mbegin transaction[0m
  [1m[35mSQL (0.0ms)[0m  INSERT INTO "movies" ("title", "rating", "release_date", "created_at", "updated_at") VALUES (?, ?, ?, ?, ?)  [["title", "Chicken Run"], ["rating", "G"], ["release_date", "2000-06-21 00:00:00.000000"], ["created_at", "2016-10-16 18:31:19.247389"], ["updated_at", "2016-10-16 18:31:19.247389"]]
  [1m[36m (156.2ms)[0m  [1mcommit transaction[0m


Started GET "/" for ::1 at 2016-10-16 13:54:32 -0500
  [1m[36mActiveRecord::SchemaMigration Load (1.0ms)[0m  [1mSELECT "schema_migrations".* FROM "schema_migrations"[0m
Processing by MoviesController#index as HTML
  [1m[35mMovie Load (0.0ms)[0m  SELECT "movies".* FROM "movies"
  Rendered movies/index.html.haml within layouts/application (42.0ms)
Completed 500 Internal Server Error in 5717ms (ActiveRecord: 0.0ms)

ActionView::Template::Error (TypeError: å¯¹è±¡ä¸æ”¯æŒæ­¤å±žæ€§æˆ–æ–¹æ³•):
    2: %html
    3:   %head
    4:     %title Rotten Potatoes!
    5:     = stylesheet_link_tag 'application', 'media' => 'all', 'data-turbolinks-track' => true
    6:     = javascript_include_tag 'application', 'data-turbolinks-track' => true
    7:     = csrf_meta_tags
    8: 
  app/views/layouts/application.html.haml:5:in `_app_views_layouts_application_html_haml__572893149_49707660'


  Rendered C:/Ruby22-x64/lib/ruby/gems/2.2.0/gems/actionpack-4.2.6/lib/action_dispatch/middleware/templates/rescues/_source.erb (2.0ms)
  Rendered C:/Ruby22-x64/lib/ruby/gems/2.2.0/gems/actionpack-4.2.6/lib/action_dispatch/middleware/templates/rescues/_trace.html.erb (7.1ms)
  Rendered C:/Ruby22-x64/lib/ruby/gems/2.2.0/gems/actionpack-4.2.6/lib/action_dispatch/middleware/templates/rescues/_request_and_response.html.erb (1.0ms)
  Rendered C:/Ruby22-x64/lib/ruby/gems/2.2.0/gems/actionpack-4.2.6/lib/action_dispatch/middleware/templates/rescues/template_error.html.erb within rescues/layout (1255.1ms)
  Rendered C:/Ruby22-x64/lib/ruby/gems/2.2.0/gems/web-console-2.3.0/lib/web_console/templates/_markup.html.erb (1.0ms)
  Rendered C:/Ruby22-x64/lib/ruby/gems/2.2.0/gems/web-console-2.3.0/lib/web_console/templates/_inner_console_markup.html.erb within layouts/inlined_string (1.0ms)
  Rendered C:/Ruby22-x64/lib/ruby/gems/2.2.0/gems/web-console-2.3.0/lib/web_console/templates/_prompt_box_markup.html.erb within layouts/inlined_string (1.0ms)
  Rendered C:/Ruby22-x64/lib/ruby/gems/2.2.0/gems/web-console-2.3.0/lib/web_console/templates/style.css.erb within layouts/inlined_string (0.0ms)
  Rendered C:/Ruby22-x64/lib/ruby/gems/2.2.0/gems/web-console-2.3.0/lib/web_console/templates/console.js.erb within layouts/javascript (1182.0ms)
  Rendered C:/Ruby22-x64/lib/ruby/gems/2.2.0/gems/web-console-2.3.0/lib/web_console/templates/main.js.erb within layouts/javascript (0.0ms)
  Rendered C:/Ruby22-x64/lib/ruby/gems/2.2.0/gems/web-console-2.3.0/lib/web_console/templates/error_page.js.erb within layouts/javascript (1.0ms)
  Rendered C:/Ruby22-x64/lib/ruby/gems/2.2.0/gems/web-console-2.3.0/lib/web_console/templates/index.html.erb (2669.4ms)


Started GET "/" for ::1 at 2016-10-16 13:55:15 -0500
Processing by MoviesController#index as HTML
  [1m[36mMovie Load (1.0ms)[0m  [1mSELECT "movies".* FROM "movies"[0m
  Rendered movies/index.html.haml within layouts/application (9.0ms)
Completed 200 OK in 336ms (Views: 300.6ms | ActiveRecord: 1.0ms)


Started GET "/assets/jquery_ujs.self-e87806d0cf4489aeb1bb7288016024e8de67fd18db693fe026fe3907581e53cd.js?body=1" for ::1 at 2016-10-16 13:55:35 -0500


Started GET "/assets/application.self-377610cd7c1509e934744c810e3b4cf672dfbcacac3274e7d039827e2ae0fcc7.js?body=1" for ::1 at 2016-10-16 13:55:35 -0500


Started GET "/assets/jquery.self-660adc51e0224b731d29f575a6f1ec167ba08ad06ed5deca4f1e8654c135bf4c.js?body=1" for ::1 at 2016-10-16 13:55:35 -0500


Started GET "/assets/application.self-e80e8f2318043e8af94dddc2adad5a4f09739a8ebb323b3ab31cd71d45fd9113.css?body=1" for ::1 at 2016-10-16 13:55:35 -0500


Started GET "/assets/default.self-49554e9e270baee081b10069c4f5f33b75f6549ad240aac134400c56d752bf9f.css?body=1" for ::1 at 2016-10-16 13:55:35 -0500


Started GET "/movies?sort=title" for ::1 at 2016-10-16 18:06:09 -0500
  [1m[36mActiveRecord::SchemaMigration Load (0.5ms)[0m  [1mSELECT "schema_migrations".* FROM "schema_migrations"[0m
Processing by MoviesController#index as HTML
  Parameters: {"sort"=>"title"}
  [1m[35mMovie Load (0.5ms)[0m  SELECT "movies".* FROM "movies"  ORDER BY title ASC
  Rendered movies/index.html.haml within layouts/application (46.5ms)
Completed 200 OK in 922ms (Views: 867.6ms | ActiveRecord: 1.5ms)


Started GET "/assets/default.self-c198bf7e0d6ab38de0aaf404c320b15f28a155ee2f340fc3b98e8ebaeb5ecdec.css?body=1" for ::1 at 2016-10-16 18:06:31 -0500


Started GET "/assets/application.self-e80e8f2318043e8af94dddc2adad5a4f09739a8ebb323b3ab31cd71d45fd9113.css?body=1" for ::1 at 2016-10-16 18:06:31 -0500


Started GET "/assets/jquery.self-660adc51e0224b731d29f575a6f1ec167ba08ad06ed5deca4f1e8654c135bf4c.js?body=1" for ::1 at 2016-10-16 18:06:31 -0500


Started GET "/assets/jquery_ujs.self-e87806d0cf4489aeb1bb7288016024e8de67fd18db693fe026fe3907581e53cd.js?body=1" for ::1 at 2016-10-16 18:06:31 -0500


Started GET "/assets/application.self-377610cd7c1509e934744c810e3b4cf672dfbcacac3274e7d039827e2ae0fcc7.js?body=1" for ::1 at 2016-10-16 18:06:31 -0500


Started GET "/movies?sort=release" for ::1 at 2016-10-16 18:06:39 -0500
Processing by MoviesController#index as HTML
  Parameters: {"sort"=>"release"}
  [1m[36mMovie Load (0.5ms)[0m  [1mSELECT "movies".* FROM "movies"  ORDER BY release_date ASC[0m
  Rendered movies/index.html.haml within layouts/application (8.5ms)
Completed 200 OK in 105ms (Views: 103.8ms | ActiveRecord: 0.5ms)


Started GET "/movies?sort=title" for ::1 at 2016-10-16 18:06:42 -0500
Processing by MoviesController#index as HTML
  Parameters: {"sort"=>"title"}
  [1m[35mMovie Load (0.5ms)[0m  SELECT "movies".* FROM "movies"  ORDER BY title ASC
  Rendered movies/index.html.haml within layouts/application (7.5ms)
Completed 200 OK in 160ms (Views: 157.7ms | ActiveRecord: 0.5ms)


Started GET "/movies?sort=title" for ::1 at 2016-10-16 18:13:41 -0500
  [1m[36mActiveRecord::SchemaMigration Load (0.0ms)[0m  [1mSELECT "schema_migrations".* FROM "schema_migrations"[0m
Processing by MoviesController#index as HTML
  Parameters: {"sort"=>"title"}
  [1m[35mMovie Load (0.5ms)[0m  SELECT "movies".* FROM "movies"  ORDER BY title ASC
  Rendered movies/index.html.haml within layouts/application (23.5ms)
Completed 200 OK in 415ms (Views: 391.1ms | ActiveRecord: 1.0ms)


Started GET "/assets/default.self-c198bf7e0d6ab38de0aaf404c320b15f28a155ee2f340fc3b98e8ebaeb5ecdec.css?body=1" for ::1 at 2016-10-16 18:14:02 -0500


Started GET "/assets/jquery.self-660adc51e0224b731d29f575a6f1ec167ba08ad06ed5deca4f1e8654c135bf4c.js?body=1" for ::1 at 2016-10-16 18:14:02 -0500


Started GET "/assets/application.self-e80e8f2318043e8af94dddc2adad5a4f09739a8ebb323b3ab31cd71d45fd9113.css?body=1" for ::1 at 2016-10-16 18:14:02 -0500


Started GET "/assets/jquery_ujs.self-e87806d0cf4489aeb1bb7288016024e8de67fd18db693fe026fe3907581e53cd.js?body=1" for ::1 at 2016-10-16 18:14:02 -0500


Started GET "/assets/application.self-377610cd7c1509e934744c810e3b4cf672dfbcacac3274e7d039827e2ae0fcc7.js?body=1" for ::1 at 2016-10-16 18:14:02 -0500


Started GET "/movies?sort=release" for ::1 at 2016-10-16 18:14:05 -0500
Processing by MoviesController#index as HTML
  Parameters: {"sort"=>"release"}
  [1m[36mMovie Load (0.5ms)[0m  [1mSELECT "movies".* FROM "movies"  ORDER BY release_date ASC[0m
  Rendered movies/index.html.haml within layouts/application (7.0ms)
Completed 200 OK in 108ms (Views: 106.3ms | ActiveRecord: 0.5ms)


Started GET "/movies?sort=title" for ::1 at 2016-10-16 18:14:08 -0500
Processing by MoviesController#index as HTML
  Parameters: {"sort"=>"title"}
  [1m[35mMovie Load (0.5ms)[0m  SELECT "movies".* FROM "movies"  ORDER BY title ASC
  Rendered movies/index.html.haml within layouts/application (7.5ms)
Completed 200 OK in 169ms (Views: 166.6ms | ActiveRecord: 0.5ms)


Started GET "/movies?sort=release" for ::1 at 2016-10-16 18:14:09 -0500
Processing by MoviesController#index as HTML
  Parameters: {"sort"=>"release"}
  [1m[36mMovie Load (0.5ms)[0m  [1mSELECT "movies".* FROM "movies"  ORDER BY release_date ASC[0m
  Rendered movies/index.html.haml within layouts/application (10.5ms)
Completed 200 OK in 146ms (Views: 143.8ms | ActiveRecord: 0.5ms)


Started GET "/movies?utf8=%E2%9C%93&commit=Refresh" for ::1 at 2016-10-16 20:01:45 -0500
  [1m[36mActiveRecord::SchemaMigration Load (0.0ms)[0m  [1mSELECT "schema_migrations".* FROM "schema_migrations"[0m
Processing by MoviesController#index as HTML
  Parameters: {"utf8"=>"âœ“", "commit"=>"Refresh"}
  [1m[35m (0.5ms)[0m  SELECT "movies"."rating" FROM "movies"
  [1m[36mMovie Load (0.0ms)[0m  [1mSELECT "movies".* FROM "movies"[0m
  Rendered movies/index.html.haml within layouts/application (40.0ms)
Completed 200 OK in 722ms (Views: 678.4ms | ActiveRecord: 1.5ms)


Started GET "/assets/default.self-c198bf7e0d6ab38de0aaf404c320b15f28a155ee2f340fc3b98e8ebaeb5ecdec.css?body=1" for ::1 at 2016-10-16 20:02:07 -0500


Started GET "/assets/application.self-e80e8f2318043e8af94dddc2adad5a4f09739a8ebb323b3ab31cd71d45fd9113.css?body=1" for ::1 at 2016-10-16 20:02:07 -0500


Started GET "/assets/jquery.self-660adc51e0224b731d29f575a6f1ec167ba08ad06ed5deca4f1e8654c135bf4c.js?body=1" for ::1 at 2016-10-16 20:02:07 -0500


Started GET "/assets/jquery_ujs.self-e87806d0cf4489aeb1bb7288016024e8de67fd18db693fe026fe3907581e53cd.js?body=1" for ::1 at 2016-10-16 20:02:07 -0500


Started GET "/assets/application.self-377610cd7c1509e934744c810e3b4cf672dfbcacac3274e7d039827e2ae0fcc7.js?body=1" for ::1 at 2016-10-16 20:02:07 -0500


Started GET "/movies?utf8=%E2%9C%93&ratings%5BG%5D=1&commit=Refresh" for ::1 at 2016-10-16 20:02:12 -0500
Processing by MoviesController#index as HTML
  Parameters: {"utf8"=>"âœ“", "ratings"=>{"G"=>"1"}, "commit"=>"Refresh"}
  [1m[35m (0.5ms)[0m  SELECT "movies"."rating" FROM "movies"
  [1m[36mMovie Load (1.0ms)[0m  [1mSELECT "movies".* FROM "movies" WHERE "movies"."rating" = 'G'[0m
  Rendered movies/index.html.haml within layouts/application (7.0ms)
Completed 200 OK in 130ms (Views: 107.5ms | ActiveRecord: 1.5ms)


Started GET "/movies?utf8=%E2%9C%93&ratings%5BR%5D=1&commit=Refresh" for ::1 at 2016-10-16 20:02:15 -0500
Processing by MoviesController#index as HTML
  Parameters: {"utf8"=>"âœ“", "ratings"=>{"R"=>"1"}, "commit"=>"Refresh"}
  [1m[35m (0.5ms)[0m  SELECT "movies"."rating" FROM "movies"
  [1m[36mMovie Load (0.0ms)[0m  [1mSELECT "movies".* FROM "movies" WHERE "movies"."rating" = 'R'[0m
  Rendered movies/index.html.haml within layouts/application (6.0ms)
Completed 200 OK in 155ms (Views: 151.0ms | ActiveRecord: 0.5ms)


Started GET "/movies?utf8=%E2%9C%93&ratings%5BPG-13%5D=1&commit=Refresh" for ::1 at 2016-10-16 20:02:16 -0500
Processing by MoviesController#index as HTML
  Parameters: {"utf8"=>"âœ“", "ratings"=>{"PG-13"=>"1"}, "commit"=>"Refresh"}
  [1m[35m (0.5ms)[0m  SELECT "movies"."rating" FROM "movies"
  [1m[36mMovie Load (0.5ms)[0m  [1mSELECT "movies".* FROM "movies" WHERE "movies"."rating" = 'PG-13'[0m
  Rendered movies/index.html.haml within layouts/application (8.0ms)
Completed 200 OK in 147ms (Views: 142.8ms | ActiveRecord: 1.0ms)


Started GET "/movies?utf8=%E2%9C%93&ratings%5BPG%5D=1&commit=Refresh" for ::1 at 2016-10-16 20:02:18 -0500
Processing by MoviesController#index as HTML
  Parameters: {"utf8"=>"âœ“", "ratings"=>{"PG"=>"1"}, "commit"=>"Refresh"}
  [1m[35m (0.5ms)[0m  SELECT "movies"."rating" FROM "movies"
  [1m[36mMovie Load (0.5ms)[0m  [1mSELECT "movies".* FROM "movies" WHERE "movies"."rating" = 'PG'[0m
  Rendered movies/index.html.haml within layouts/application (7.0ms)
Completed 200 OK in 116ms (Views: 110.1ms | ActiveRecord: 1.0ms)


Started GET "/movies?utf8=%E2%9C%93&ratings%5BG%5D=1&ratings%5BR%5D=1&ratings%5BPG-13%5D=1&commit=Refresh" for ::1 at 2016-10-16 20:02:22 -0500
Processing by MoviesController#index as HTML
  Parameters: {"utf8"=>"âœ“", "ratings"=>{"G"=>"1", "R"=>"1", "PG-13"=>"1"}, "commit"=>"Refresh"}
  [1m[35m (0.5ms)[0m  SELECT "movies"."rating" FROM "movies"
  [1m[36mMovie Load (0.5ms)[0m  [1mSELECT "movies".* FROM "movies" WHERE "movies"."rating" IN ('G', 'R', 'PG-13')[0m
  Rendered movies/index.html.haml within layouts/application (7.0ms)
Completed 200 OK in 126ms (Views: 121.6ms | ActiveRecord: 1.0ms)


Started GET "/movies?utf8=%E2%9C%93&ratings%5BR%5D=1&ratings%5BPG-13%5D=1&ratings%5BPG%5D=1&commit=Refresh" for ::1 at 2016-10-16 20:02:29 -0500
Processing by MoviesController#index as HTML
  Parameters: {"utf8"=>"âœ“", "ratings"=>{"R"=>"1", "PG-13"=>"1", "PG"=>"1"}, "commit"=>"Refresh"}
  [1m[35m (0.5ms)[0m  SELECT "movies"."rating" FROM "movies"
  [1m[36mMovie Load (0.5ms)[0m  [1mSELECT "movies".* FROM "movies" WHERE "movies"."rating" IN ('R', 'PG-13', 'PG')[0m
  Rendered movies/index.html.haml within layouts/application (8.5ms)
Completed 200 OK in 117ms (Views: 108.6ms | ActiveRecord: 1.0ms)


Started GET "/movies?utf8=%E2%9C%93&ratings%5BG%5D=1&ratings%5BR%5D=1&ratings%5BPG-13%5D=1&ratings%5BPG%5D=1&commit=Refresh" for ::1 at 2016-10-16 20:02:34 -0500
Processing by MoviesController#index as HTML
  Parameters: {"utf8"=>"âœ“", "ratings"=>{"G"=>"1", "R"=>"1", "PG-13"=>"1", "PG"=>"1"}, "commit"=>"Refresh"}
  [1m[35m (0.5ms)[0m  SELECT "movies"."rating" FROM "movies"
  [1m[36mMovie Load (0.5ms)[0m  [1mSELECT "movies".* FROM "movies" WHERE "movies"."rating" IN ('G', 'R', 'PG-13', 'PG')[0m
  Rendered movies/index.html.haml within layouts/application (8.5ms)
Completed 200 OK in 122ms (Views: 117.8ms | ActiveRecord: 1.0ms)


Started GET "/movies?utf8=%E2%9C%93&ratings%5BPG-13%5D=1&commit=Refresh" for ::1 at 2016-10-16 20:56:47 -0500
Processing by MoviesController#index as HTML
  Parameters: {"utf8"=>"âœ“", "ratings"=>{"PG-13"=>"1"}, "commit"=>"Refresh"}
  [1m[35m (2.5ms)[0m  SELECT "movies"."rating" FROM "movies"
  [1m[36mMovie Load (1.0ms)[0m  [1mSELECT "movies".* FROM "movies" WHERE "movies"."rating" = 'PG-13'[0m
  Rendered movies/index.html.haml within layouts/application (21.5ms)
Completed 200 OK in 256ms (Views: 225.7ms | ActiveRecord: 3.5ms)


Started GET "/movies?sort=release" for ::1 at 2016-10-16 20:56:50 -0500
Processing by MoviesController#index as HTML
  Parameters: {"sort"=>"release"}
  [1m[35m (0.5ms)[0m  SELECT "movies"."rating" FROM "movies"
  [1m[36mMovie Load (1.0ms)[0m  [1mSELECT "movies".* FROM "movies"  ORDER BY release_date ASC[0m
  Rendered movies/index.html.haml within layouts/application (15.5ms)
Completed 200 OK in 157ms (Views: 152.8ms | ActiveRecord: 1.5ms)


Started GET "/movies?sort=title" for ::1 at 2016-10-16 20:56:52 -0500
Processing by MoviesController#index as HTML
  Parameters: {"sort"=>"title"}
  [1m[35m (1.0ms)[0m  SELECT "movies"."rating" FROM "movies"
  [1m[36mMovie Load (0.5ms)[0m  [1mSELECT "movies".* FROM "movies"  ORDER BY title ASC[0m
  Rendered movies/index.html.haml within layouts/application (18.5ms)
Completed 200 OK in 230ms (Views: 225.4ms | ActiveRecord: 1.5ms)


Started GET "/movies?utf8=%E2%9C%93&ratings%5BG%5D=1&commit=Refresh" for ::1 at 2016-10-16 20:56:55 -0500
Processing by MoviesController#index as HTML
  Parameters: {"utf8"=>"âœ“", "ratings"=>{"G"=>"1"}, "commit"=>"Refresh"}
  [1m[35m (0.5ms)[0m  SELECT "movies"."rating" FROM "movies"
  [1m[36mMovie Load (2.0ms)[0m  [1mSELECT "movies".* FROM "movies" WHERE "movies"."rating" = 'G'[0m
  Rendered movies/index.html.haml within layouts/application (12.5ms)
Completed 200 OK in 178ms (Views: 171.3ms | ActiveRecord: 2.5ms)


Started GET "/movies?sort=title" for ::1 at 2016-10-16 21:14:02 -0500
  [1m[36mActiveRecord::SchemaMigration Load (0.5ms)[0m  [1mSELECT "schema_migrations".* FROM "schema_migrations"[0m
Processing by MoviesController#index as HTML
  Parameters: {"sort"=>"title"}
  [1m[35m (0.5ms)[0m  SELECT "movies"."rating" FROM "movies"
  [1m[36mMovie Load (0.5ms)[0m  [1mSELECT "movies".* FROM "movies"  ORDER BY title ASC[0m
  Rendered movies/index.html.haml within layouts/application (28.5ms)
Completed 200 OK in 619ms (Views: 588.2ms | ActiveRecord: 1.5ms)


Started GET "/assets/default.self-c198bf7e0d6ab38de0aaf404c320b15f28a155ee2f340fc3b98e8ebaeb5ecdec.css?body=1" for ::1 at 2016-10-16 21:14:25 -0500


Started GET "/assets/application.self-e80e8f2318043e8af94dddc2adad5a4f09739a8ebb323b3ab31cd71d45fd9113.css?body=1" for ::1 at 2016-10-16 21:14:25 -0500


Started GET "/assets/jquery.self-660adc51e0224b731d29f575a6f1ec167ba08ad06ed5deca4f1e8654c135bf4c.js?body=1" for ::1 at 2016-10-16 21:14:25 -0500


Started GET "/assets/jquery_ujs.self-e87806d0cf4489aeb1bb7288016024e8de67fd18db693fe026fe3907581e53cd.js?body=1" for ::1 at 2016-10-16 21:14:25 -0500


Started GET "/assets/application.self-377610cd7c1509e934744c810e3b4cf672dfbcacac3274e7d039827e2ae0fcc7.js?body=1" for ::1 at 2016-10-16 21:14:25 -0500


Started GET "/movies?utf8=%E2%9C%93&ratings%5BPG-13%5D=1&commit=Refresh" for ::1 at 2016-10-16 21:14:30 -0500
Processing by MoviesController#index as HTML
  Parameters: {"utf8"=>"âœ“", "ratings"=>{"PG-13"=>"1"}, "commit"=>"Refresh"}
  [1m[35m (0.5ms)[0m  SELECT "movies"."rating" FROM "movies"
  [1m[36mMovie Load (0.0ms)[0m  [1mSELECT "movies".* FROM "movies" WHERE "movies"."rating" = 'PG-13'[0m
  Rendered movies/index.html.haml within layouts/application (7.5ms)
Completed 200 OK in 138ms (Views: 114.1ms | ActiveRecord: 0.5ms)


Started GET "/movies?utf8=%E2%9C%93&ratings%5BG%5D=1&commit=Refresh" for ::1 at 2016-10-16 21:14:41 -0500
Processing by MoviesController#index as HTML
  Parameters: {"utf8"=>"âœ“", "ratings"=>{"G"=>"1"}, "commit"=>"Refresh"}
  [1m[35m (0.5ms)[0m  SELECT "movies"."rating" FROM "movies"
  [1m[36mMovie Load (0.5ms)[0m  [1mSELECT "movies".* FROM "movies" WHERE "movies"."rating" = 'G'[0m
  Rendered movies/index.html.haml within layouts/application (7.5ms)
Completed 200 OK in 185ms (Views: 181.9ms | ActiveRecord: 1.0ms)


Started GET "/" for ::1 at 2016-10-17 15:55:34 -0500
  [1m[36mActiveRecord::SchemaMigration Load (1.0ms)[0m  [1mSELECT "schema_migrations".* FROM "schema_migrations"[0m
Processing by MoviesController#index as HTML
  [1m[35m (0.0ms)[0m  SELECT "movies"."rating" FROM "movies"
  [1m[36mMovie Load (0.0ms)[0m  [1mSELECT "movies".* FROM "movies"[0m
  Rendered movies/index.html.haml within layouts/application (45.0ms)
Completed 200 OK in 961ms (Views: 912.2ms | ActiveRecord: 0.0ms)


Started GET "/assets/application.self-e80e8f2318043e8af94dddc2adad5a4f09739a8ebb323b3ab31cd71d45fd9113.css?body=1" for ::1 at 2016-10-17 15:55:56 -0500


Started GET "/assets/default.self-c198bf7e0d6ab38de0aaf404c320b15f28a155ee2f340fc3b98e8ebaeb5ecdec.css?body=1" for ::1 at 2016-10-17 15:55:56 -0500


Started GET "/assets/jquery_ujs.self-e87806d0cf4489aeb1bb7288016024e8de67fd18db693fe026fe3907581e53cd.js?body=1" for ::1 at 2016-10-17 15:55:56 -0500


Started GET "/assets/jquery.self-660adc51e0224b731d29f575a6f1ec167ba08ad06ed5deca4f1e8654c135bf4c.js?body=1" for ::1 at 2016-10-17 15:55:56 -0500


Started GET "/assets/application.self-377610cd7c1509e934744c810e3b4cf672dfbcacac3274e7d039827e2ae0fcc7.js?body=1" for ::1 at 2016-10-17 15:55:56 -0500


Started GET "/movies?utf8=%E2%9C%93&ratings%5BG%5D=1&commit=Refresh" for ::1 at 2016-10-17 15:56:01 -0500
Processing by MoviesController#index as HTML
  Parameters: {"utf8"=>"âœ“", "ratings"=>{"G"=>"1"}, "commit"=>"Refresh"}
  [1m[35m (1.0ms)[0m  SELECT "movies"."rating" FROM "movies"
  [1m[36mMovie Load (0.0ms)[0m  [1mSELECT "movies".* FROM "movies" WHERE "movies"."rating" = 'G'[0m
  Rendered movies/index.html.haml within layouts/application (5.0ms)
Completed 200 OK in 256ms (Views: 118.5ms | ActiveRecord: 1.0ms)


Started GET "/movies?utf8=%E2%9C%93&ratings%5BPG-13%5D=1&commit=Refresh" for ::1 at 2016-10-17 15:56:06 -0500
Processing by MoviesController#index as HTML
  Parameters: {"utf8"=>"âœ“", "ratings"=>{"PG-13"=>"1"}, "commit"=>"Refresh"}
  [1m[35m (1.1ms)[0m  SELECT "movies"."rating" FROM "movies"
  [1m[36mMovie Load (0.0ms)[0m  [1mSELECT "movies".* FROM "movies" WHERE "movies"."rating" = 'PG-13'[0m
  Rendered movies/index.html.haml within layouts/application (6.0ms)
Completed 200 OK in 164ms (Views: 156.8ms | ActiveRecord: 1.1ms)


Started GET "/movies?utf8=%E2%9C%93&ratings%5BR%5D=1&commit=Refresh" for ::1 at 2016-10-17 15:56:09 -0500
Processing by MoviesController#index as HTML
  Parameters: {"utf8"=>"âœ“", "ratings"=>{"R"=>"1"}, "commit"=>"Refresh"}
  [1m[35m (1.0ms)[0m  SELECT "movies"."rating" FROM "movies"
  [1m[36mMovie Load (1.0ms)[0m  [1mSELECT "movies".* FROM "movies" WHERE "movies"."rating" = 'R'[0m
  Rendered movies/index.html.haml within layouts/application (10.0ms)
Completed 200 OK in 163ms (Views: 148.7ms | ActiveRecord: 2.0ms)


Started GET "/movies?sort=title" for ::1 at 2016-10-17 15:56:15 -0500
Processing by MoviesController#index as HTML
  Parameters: {"sort"=>"title"}
  [1m[35m (1.0ms)[0m  SELECT "movies"."rating" FROM "movies"
  [1m[36mMovie Load (0.0ms)[0m  [1mSELECT "movies".* FROM "movies"  ORDER BY title ASC[0m
  Rendered movies/index.html.haml within layouts/application (9.0ms)
Completed 200 OK in 119ms (Views: 115.3ms | ActiveRecord: 1.0ms)


Started GET "/movies?sort=release" for ::1 at 2016-10-17 15:56:17 -0500
Processing by MoviesController#index as HTML
  Parameters: {"sort"=>"release"}
  [1m[35m (0.0ms)[0m  SELECT "movies"."rating" FROM "movies"
  [1m[36mMovie Load (1.0ms)[0m  [1mSELECT "movies".* FROM "movies"  ORDER BY release_date ASC[0m
  Rendered movies/index.html.haml within layouts/application (10.0ms)
Completed 200 OK in 109ms (Views: 103.9ms | ActiveRecord: 1.0ms)


Started GET "/movies?ratings%5BG%5D=1&ratings%5BPG%5D=1&ratings%5BPG-13%5D=1&ratings%5BR%5D=1&sort=title" for ::1 at 2016-10-17 19:15:12 -0500
  [1m[36mActiveRecord::SchemaMigration Load (1.0ms)[0m  [1mSELECT "schema_migrations".* FROM "schema_migrations"[0m
Processing by MoviesController#index as HTML
  Parameters: {"ratings"=>{"G"=>"1", "PG"=>"1", "PG-13"=>"1", "R"=>"1"}, "sort"=>"title"}
  [1m[35m (1.0ms)[0m  SELECT "movies"."rating" FROM "movies"
  [1m[36mMovie Load (0.0ms)[0m  [1mSELECT "movies".* FROM "movies" WHERE "movies"."rating" IN ('G', 'PG', 'PG-13', 'R')  ORDER BY title[0m
  Rendered movies/index.html.haml within layouts/application (26.0ms)
Completed 200 OK in 616ms (Views: 574.2ms | ActiveRecord: 2.0ms)


Started GET "/assets/default.self-c198bf7e0d6ab38de0aaf404c320b15f28a155ee2f340fc3b98e8ebaeb5ecdec.css?body=1" for ::1 at 2016-10-17 19:15:32 -0500


Started GET "/assets/application.self-e80e8f2318043e8af94dddc2adad5a4f09739a8ebb323b3ab31cd71d45fd9113.css?body=1" for ::1 at 2016-10-17 19:15:32 -0500


Started GET "/assets/jquery_ujs.self-e87806d0cf4489aeb1bb7288016024e8de67fd18db693fe026fe3907581e53cd.js?body=1" for ::1 at 2016-10-17 19:15:32 -0500


Started GET "/assets/jquery.self-660adc51e0224b731d29f575a6f1ec167ba08ad06ed5deca4f1e8654c135bf4c.js?body=1" for ::1 at 2016-10-17 19:15:32 -0500


Started GET "/assets/application.self-377610cd7c1509e934744c810e3b4cf672dfbcacac3274e7d039827e2ae0fcc7.js?body=1" for ::1 at 2016-10-17 19:15:33 -0500


Started GET "/" for ::1 at 2016-10-17 19:15:42 -0500
Processing by MoviesController#index as HTML
  [1m[35m (0.0ms)[0m  SELECT "movies"."rating" FROM "movies"
Redirected to http://localhost:3000/movies?ratings%5BG%5D=1&ratings%5BPG%5D=1&ratings%5BPG-13%5D=1&ratings%5BR%5D=1&sort=title
Completed 302 Found in 4ms (ActiveRecord: 0.0ms)


Started GET "/movies?ratings%5BG%5D=1&ratings%5BPG%5D=1&ratings%5BPG-13%5D=1&ratings%5BR%5D=1&sort=title" for ::1 at 2016-10-17 19:15:42 -0500
Processing by MoviesController#index as HTML
  Parameters: {"ratings"=>{"G"=>"1", "PG"=>"1", "PG-13"=>"1", "R"=>"1"}, "sort"=>"title"}
  [1m[36m (0.0ms)[0m  [1mSELECT "movies"."rating" FROM "movies"[0m
  [1m[35mMovie Load (0.0ms)[0m  SELECT "movies".* FROM "movies" WHERE "movies"."rating" IN ('G', 'PG', 'PG-13', 'R')  ORDER BY title
  Rendered movies/index.html.haml within layouts/application (9.0ms)
Completed 200 OK in 123ms (Views: 118.6ms | ActiveRecord: 0.0ms)


Started GET "/?sort=release_date" for ::1 at 2016-10-17 19:15:54 -0500
Processing by MoviesController#index as HTML
  Parameters: {"sort"=>"release_date"}
  [1m[36m (0.0ms)[0m  [1mSELECT "movies"."rating" FROM "movies"[0m
Redirected to http://localhost:3000/movies?ratings%5BG%5D=1&ratings%5BPG%5D=1&ratings%5BPG-13%5D=1&ratings%5BR%5D=1&sort=release_date
Completed 302 Found in 7ms (ActiveRecord: 0.0ms)


Started GET "/movies?ratings%5BG%5D=1&ratings%5BPG%5D=1&ratings%5BPG-13%5D=1&ratings%5BR%5D=1&sort=release_date" for ::1 at 2016-10-17 19:15:54 -0500
Processing by MoviesController#index as HTML
  Parameters: {"ratings"=>{"G"=>"1", "PG"=>"1", "PG-13"=>"1", "R"=>"1"}, "sort"=>"release_date"}
  [1m[35m (1.0ms)[0m  SELECT "movies"."rating" FROM "movies"
  [1m[36mMovie Load (1.0ms)[0m  [1mSELECT "movies".* FROM "movies" WHERE "movies"."rating" IN ('G', 'PG', 'PG-13', 'R')  ORDER BY release_date[0m
  Rendered movies/index.html.haml within layouts/application (13.0ms)
Completed 200 OK in 151ms (Views: 146.1ms | ActiveRecord: 2.0ms)


Started GET "/movies?utf8=%E2%9C%93&ratings%5BG%5D=1&ratings%5BPG-13%5D=1&ratings%5BPG%5D=1&commit=Refresh" for ::1 at 2016-10-17 19:15:57 -0500
Processing by MoviesController#index as HTML
  Parameters: {"utf8"=>"âœ“", "ratings"=>{"G"=>"1", "PG-13"=>"1", "PG"=>"1"}, "commit"=>"Refresh"}
  [1m[35m (0.0ms)[0m  SELECT "movies"."rating" FROM "movies"
Redirected to http://localhost:3000/movies?ratings%5BG%5D=1&ratings%5BPG%5D=1&ratings%5BPG-13%5D=1&sort=release_date
Completed 302 Found in 7ms (ActiveRecord: 0.0ms)


Started GET "/movies?ratings%5BG%5D=1&ratings%5BPG%5D=1&ratings%5BPG-13%5D=1&sort=release_date" for ::1 at 2016-10-17 19:15:57 -0500
Processing by MoviesController#index as HTML
  Parameters: {"ratings"=>{"G"=>"1", "PG"=>"1", "PG-13"=>"1"}, "sort"=>"release_date"}
  [1m[36m (0.0ms)[0m  [1mSELECT "movies"."rating" FROM "movies"[0m
  [1m[35mMovie Load (0.0ms)[0m  SELECT "movies".* FROM "movies" WHERE "movies"."rating" IN ('G', 'PG', 'PG-13')  ORDER BY release_date
  Rendered movies/index.html.haml within layouts/application (12.1ms)
Completed 200 OK in 129ms (Views: 125.4ms | ActiveRecord: 0.0ms)


Started GET "/movies?utf8=%E2%9C%93&ratings%5BG%5D=1&ratings%5BPG-13%5D=1&commit=Refresh" for ::1 at 2016-10-17 19:15:59 -0500
Processing by MoviesController#index as HTML
  Parameters: {"utf8"=>"âœ“", "ratings"=>{"G"=>"1", "PG-13"=>"1"}, "commit"=>"Refresh"}
  [1m[36m (1.0ms)[0m  [1mSELECT "movies"."rating" FROM "movies"[0m
Redirected to http://localhost:3000/movies?ratings%5BG%5D=1&ratings%5BPG-13%5D=1&sort=release_date
Completed 302 Found in 5ms (ActiveRecord: 1.0ms)


Started GET "/movies?ratings%5BG%5D=1&ratings%5BPG-13%5D=1&sort=release_date" for ::1 at 2016-10-17 19:15:59 -0500
Processing by MoviesController#index as HTML
  Parameters: {"ratings"=>{"G"=>"1", "PG-13"=>"1"}, "sort"=>"release_date"}
  [1m[35m (0.0ms)[0m  SELECT "movies"."rating" FROM "movies"
  [1m[36mMovie Load (0.0ms)[0m  [1mSELECT "movies".* FROM "movies" WHERE "movies"."rating" IN ('G', 'PG-13')  ORDER BY release_date[0m
  Rendered movies/index.html.haml within layouts/application (7.0ms)
Completed 200 OK in 125ms (Views: 112.7ms | ActiveRecord: 0.0ms)


Started GET "/?sort=title" for ::1 at 2016-10-17 19:16:00 -0500
Processing by MoviesController#index as HTML
  Parameters: {"sort"=>"title"}
  [1m[35m (1.0ms)[0m  SELECT "movies"."rating" FROM "movies"
Redirected to http://localhost:3000/movies?ratings%5BG%5D=1&ratings%5BPG-13%5D=1&sort=title
Completed 302 Found in 5ms (ActiveRecord: 1.0ms)


Started GET "/movies?ratings%5BG%5D=1&ratings%5BPG-13%5D=1&sort=title" for ::1 at 2016-10-17 19:16:00 -0500
Processing by MoviesController#index as HTML
  Parameters: {"ratings"=>{"G"=>"1", "PG-13"=>"1"}, "sort"=>"title"}
  [1m[36m (1.0ms)[0m  [1mSELECT "movies"."rating" FROM "movies"[0m
  [1m[35mMovie Load (0.0ms)[0m  SELECT "movies".* FROM "movies" WHERE "movies"."rating" IN ('G', 'PG-13')  ORDER BY title
  Rendered movies/index.html.haml within layouts/application (6.0ms)
Completed 200 OK in 111ms (Views: 108.5ms | ActiveRecord: 1.0ms)


Started GET "/?sort=title" for ::1 at 2016-10-17 19:16:02 -0500
Processing by MoviesController#index as HTML
  Parameters: {"sort"=>"title"}
  [1m[36m (3.0ms)[0m  [1mSELECT "movies"."rating" FROM "movies"[0m
Redirected to http://localhost:3000/movies?ratings%5BG%5D=1&ratings%5BPG-13%5D=1&sort=title
Completed 302 Found in 9ms (ActiveRecord: 3.0ms)


Started GET "/movies?ratings%5BG%5D=1&ratings%5BPG-13%5D=1&sort=title" for ::1 at 2016-10-17 19:16:02 -0500
Processing by MoviesController#index as HTML
  Parameters: {"ratings"=>{"G"=>"1", "PG-13"=>"1"}, "sort"=>"title"}
  [1m[35m (1.0ms)[0m  SELECT "movies"."rating" FROM "movies"
  [1m[36mMovie Load (1.0ms)[0m  [1mSELECT "movies".* FROM "movies" WHERE "movies"."rating" IN ('G', 'PG-13')  ORDER BY title[0m
  Rendered movies/index.html.haml within layouts/application (13.0ms)
Completed 200 OK in 163ms (Views: 158.5ms | ActiveRecord: 2.0ms)


Started GET "/?sort=release_date" for ::1 at 2016-10-17 19:16:04 -0500
Processing by MoviesController#index as HTML
  Parameters: {"sort"=>"release_date"}
  [1m[35m (1.0ms)[0m  SELECT "movies"."rating" FROM "movies"
Redirected to http://localhost:3000/movies?ratings%5BG%5D=1&ratings%5BPG-13%5D=1&sort=release_date
Completed 302 Found in 6ms (ActiveRecord: 1.0ms)


Started GET "/movies?ratings%5BG%5D=1&ratings%5BPG-13%5D=1&sort=release_date" for ::1 at 2016-10-17 19:16:04 -0500
Processing by MoviesController#index as HTML
  Parameters: {"ratings"=>{"G"=>"1", "PG-13"=>"1"}, "sort"=>"release_date"}
  [1m[36m (1.0ms)[0m  [1mSELECT "movies"."rating" FROM "movies"[0m
  [1m[35mMovie Load (0.0ms)[0m  SELECT "movies".* FROM "movies" WHERE "movies"."rating" IN ('G', 'PG-13')  ORDER BY release_date
  Rendered movies/index.html.haml within layouts/application (10.1ms)
Completed 200 OK in 135ms (Views: 130.4ms | ActiveRecord: 1.0ms)


Started GET "/?sort=release_date" for ::1 at 2016-10-17 19:16:06 -0500
Processing by MoviesController#index as HTML
  Parameters: {"sort"=>"release_date"}
  [1m[36m (0.0ms)[0m  [1mSELECT "movies"."rating" FROM "movies"[0m
Redirected to http://localhost:3000/movies?ratings%5BG%5D=1&ratings%5BPG-13%5D=1&sort=release_date
Completed 302 Found in 5ms (ActiveRecord: 0.0ms)


Started GET "/movies?ratings%5BG%5D=1&ratings%5BPG-13%5D=1&sort=release_date" for ::1 at 2016-10-17 19:16:06 -0500
Processing by MoviesController#index as HTML
  Parameters: {"ratings"=>{"G"=>"1", "PG-13"=>"1"}, "sort"=>"release_date"}
  [1m[35m (0.0ms)[0m  SELECT "movies"."rating" FROM "movies"
  [1m[36mMovie Load (0.0ms)[0m  [1mSELECT "movies".* FROM "movies" WHERE "movies"."rating" IN ('G', 'PG-13')  ORDER BY release_date[0m
  Rendered movies/index.html.haml within layouts/application (8.0ms)
Completed 200 OK in 124ms (Views: 118.1ms | ActiveRecord: 0.0ms)


Started GET "/movies?utf8=%E2%9C%93&ratings%5BPG-13%5D=1&commit=Refresh" for ::1 at 2016-10-17 19:16:10 -0500
Processing by MoviesController#index as HTML
  Parameters: {"utf8"=>"âœ“", "ratings"=>{"PG-13"=>"1"}, "commit"=>"Refresh"}
  [1m[35m (1.0ms)[0m  SELECT "movies"."rating" FROM "movies"
Redirected to http://localhost:3000/movies?ratings%5BPG-13%5D=1&sort=release_date
Completed 302 Found in 6ms (ActiveRecord: 1.0ms)


Started GET "/movies?ratings%5BPG-13%5D=1&sort=release_date" for ::1 at 2016-10-17 19:16:10 -0500
Processing by MoviesController#index as HTML
  Parameters: {"ratings"=>{"PG-13"=>"1"}, "sort"=>"release_date"}
  [1m[36m (0.0ms)[0m  [1mSELECT "movies"."rating" FROM "movies"[0m
  [1m[35mMovie Load (0.0ms)[0m  SELECT "movies".* FROM "movies" WHERE "movies"."rating" = 'PG-13'  ORDER BY release_date
  Rendered movies/index.html.haml within layouts/application (6.0ms)
Completed 200 OK in 101ms (Views: 98.7ms | ActiveRecord: 0.0ms)


Started GET "/?sort=title" for ::1 at 2016-10-17 19:16:12 -0500
Processing by MoviesController#index as HTML
  Parameters: {"sort"=>"title"}
  [1m[36m (0.0ms)[0m  [1mSELECT "movies"."rating" FROM "movies"[0m
Redirected to http://localhost:3000/movies?ratings%5BPG-13%5D=1&sort=title
Completed 302 Found in 5ms (ActiveRecord: 0.0ms)


Started GET "/movies?ratings%5BPG-13%5D=1&sort=title" for ::1 at 2016-10-17 19:16:12 -0500
Processing by MoviesController#index as HTML
  Parameters: {"ratings"=>{"PG-13"=>"1"}, "sort"=>"title"}
  [1m[35m (0.0ms)[0m  SELECT "movies"."rating" FROM "movies"
  [1m[36mMovie Load (0.0ms)[0m  [1mSELECT "movies".* FROM "movies" WHERE "movies"."rating" = 'PG-13'  ORDER BY title[0m
  Rendered movies/index.html.haml within layouts/application (5.0ms)
Completed 200 OK in 108ms (Views: 105.9ms | ActiveRecord: 0.0ms)


Started GET "/movies?utf8=%E2%9C%93&ratings%5BG%5D=1&ratings%5BPG-13%5D=1&ratings%5BPG%5D=1&commit=Refresh" for ::1 at 2016-10-17 19:16:15 -0500
Processing by MoviesController#index as HTML
  Parameters: {"utf8"=>"âœ“", "ratings"=>{"G"=>"1", "PG-13"=>"1", "PG"=>"1"}, "commit"=>"Refresh"}
  [1m[35m (1.0ms)[0m  SELECT "movies"."rating" FROM "movies"
Redirected to http://localhost:3000/movies?ratings%5BG%5D=1&ratings%5BPG%5D=1&ratings%5BPG-13%5D=1&sort=title
Completed 302 Found in 4ms (ActiveRecord: 1.0ms)


Started GET "/movies?ratings%5BG%5D=1&ratings%5BPG%5D=1&ratings%5BPG-13%5D=1&sort=title" for ::1 at 2016-10-17 19:16:15 -0500
Processing by MoviesController#index as HTML
  Parameters: {"ratings"=>{"G"=>"1", "PG"=>"1", "PG-13"=>"1"}, "sort"=>"title"}
  [1m[36m (0.0ms)[0m  [1mSELECT "movies"."rating" FROM "movies"[0m
  [1m[35mMovie Load (1.0ms)[0m  SELECT "movies".* FROM "movies" WHERE "movies"."rating" IN ('G', 'PG', 'PG-13')  ORDER BY title
  Rendered movies/index.html.haml within layouts/application (8.0ms)
Completed 200 OK in 101ms (Views: 96.8ms | ActiveRecord: 1.0ms)


Started GET "/?sort=title" for ::1 at 2016-10-17 19:16:17 -0500
Processing by MoviesController#index as HTML
  Parameters: {"sort"=>"title"}
  [1m[36m (0.0ms)[0m  [1mSELECT "movies"."rating" FROM "movies"[0m
Redirected to http://localhost:3000/movies?ratings%5BG%5D=1&ratings%5BPG%5D=1&ratings%5BPG-13%5D=1&sort=title
Completed 302 Found in 5ms (ActiveRecord: 0.0ms)


Started GET "/movies?ratings%5BG%5D=1&ratings%5BPG%5D=1&ratings%5BPG-13%5D=1&sort=title" for ::1 at 2016-10-17 19:16:17 -0500
Processing by MoviesController#index as HTML
  Parameters: {"ratings"=>{"G"=>"1", "PG"=>"1", "PG-13"=>"1"}, "sort"=>"title"}
  [1m[35m (0.0ms)[0m  SELECT "movies"."rating" FROM "movies"
  [1m[36mMovie Load (0.0ms)[0m  [1mSELECT "movies".* FROM "movies" WHERE "movies"."rating" IN ('G', 'PG', 'PG-13')  ORDER BY title[0m
  Rendered movies/index.html.haml within layouts/application (7.0ms)
Completed 200 OK in 104ms (Views: 101.7ms | ActiveRecord: 0.0ms)


Started GET "/?sort=release_date" for ::1 at 2016-10-17 19:16:18 -0500
Processing by MoviesController#index as HTML
  Parameters: {"sort"=>"release_date"}
  [1m[35m (1.0ms)[0m  SELECT "movies"."rating" FROM "movies"
Redirected to http://localhost:3000/movies?ratings%5BG%5D=1&ratings%5BPG%5D=1&ratings%5BPG-13%5D=1&sort=release_date
Completed 302 Found in 5ms (ActiveRecord: 1.0ms)


Started GET "/movies?ratings%5BG%5D=1&ratings%5BPG%5D=1&ratings%5BPG-13%5D=1&sort=release_date" for ::1 at 2016-10-17 19:16:18 -0500
Processing by MoviesController#index as HTML
  Parameters: {"ratings"=>{"G"=>"1", "PG"=>"1", "PG-13"=>"1"}, "sort"=>"release_date"}
  [1m[36m (1.0ms)[0m  [1mSELECT "movies"."rating" FROM "movies"[0m
  [1m[35mMovie Load (1.0ms)[0m  SELECT "movies".* FROM "movies" WHERE "movies"."rating" IN ('G', 'PG', 'PG-13')  ORDER BY release_date
  Rendered movies/index.html.haml within layouts/application (10.0ms)
Completed 200 OK in 103ms (Views: 99.2ms | ActiveRecord: 2.0ms)


Started GET "/?sort=title" for ::1 at 2016-10-17 19:16:20 -0500
Processing by MoviesController#index as HTML
  Parameters: {"sort"=>"title"}
  [1m[36m (0.0ms)[0m  [1mSELECT "movies"."rating" FROM "movies"[0m
Redirected to http://localhost:3000/movies?ratings%5BG%5D=1&ratings%5BPG%5D=1&ratings%5BPG-13%5D=1&sort=title
Completed 302 Found in 4ms (ActiveRecord: 0.0ms)


Started GET "/movies?ratings%5BG%5D=1&ratings%5BPG%5D=1&ratings%5BPG-13%5D=1&sort=title" for ::1 at 2016-10-17 19:16:20 -0500
Processing by MoviesController#index as HTML
  Parameters: {"ratings"=>{"G"=>"1", "PG"=>"1", "PG-13"=>"1"}, "sort"=>"title"}
  [1m[35m (0.0ms)[0m  SELECT "movies"."rating" FROM "movies"
  [1m[36mMovie Load (0.0ms)[0m  [1mSELECT "movies".* FROM "movies" WHERE "movies"."rating" IN ('G', 'PG', 'PG-13')  ORDER BY title[0m
  Rendered movies/index.html.haml within layouts/application (7.0ms)
Completed 200 OK in 105ms (Views: 101.2ms | ActiveRecord: 0.0ms)


Started GET "/?sort=release_date" for ::1 at 2016-10-17 19:16:22 -0500
Processing by MoviesController#index as HTML
  Parameters: {"sort"=>"release_date"}
  [1m[35m (0.0ms)[0m  SELECT "movies"."rating" FROM "movies"
Redirected to http://localhost:3000/movies?ratings%5BG%5D=1&ratings%5BPG%5D=1&ratings%5BPG-13%5D=1&sort=release_date
Completed 302 Found in 5ms (ActiveRecord: 0.0ms)


Started GET "/movies?ratings%5BG%5D=1&ratings%5BPG%5D=1&ratings%5BPG-13%5D=1&sort=release_date" for ::1 at 2016-10-17 19:16:22 -0500
Processing by MoviesController#index as HTML
  Parameters: {"ratings"=>{"G"=>"1", "PG"=>"1", "PG-13"=>"1"}, "sort"=>"release_date"}
  [1m[36m (1.0ms)[0m  [1mSELECT "movies"."rating" FROM "movies"[0m
  [1m[35mMovie Load (0.0ms)[0m  SELECT "movies".* FROM "movies" WHERE "movies"."rating" IN ('G', 'PG', 'PG-13')  ORDER BY release_date
  Rendered movies/index.html.haml within layouts/application (6.0ms)
Completed 200 OK in 102ms (Views: 97.7ms | ActiveRecord: 1.0ms)


Started GET "/movies?utf8=%E2%9C%93&ratings%5BG%5D=1&ratings%5BR%5D=1&ratings%5BPG-13%5D=1&ratings%5BPG%5D=1&commit=Refresh" for ::1 at 2016-10-17 19:16:25 -0500
Processing by MoviesController#index as HTML
  Parameters: {"utf8"=>"âœ“", "ratings"=>{"G"=>"1", "R"=>"1", "PG-13"=>"1", "PG"=>"1"}, "commit"=>"Refresh"}
  [1m[36m (0.0ms)[0m  [1mSELECT "movies"."rating" FROM "movies"[0m
Redirected to http://localhost:3000/movies?ratings%5BG%5D=1&ratings%5BPG%5D=1&ratings%5BPG-13%5D=1&ratings%5BR%5D=1&sort=release_date
Completed 302 Found in 6ms (ActiveRecord: 0.0ms)


Started GET "/movies?ratings%5BG%5D=1&ratings%5BPG%5D=1&ratings%5BPG-13%5D=1&ratings%5BR%5D=1&sort=release_date" for ::1 at 2016-10-17 19:16:25 -0500
Processing by MoviesController#index as HTML
  Parameters: {"ratings"=>{"G"=>"1", "PG"=>"1", "PG-13"=>"1", "R"=>"1"}, "sort"=>"release_date"}
  [1m[35m (0.0ms)[0m  SELECT "movies"."rating" FROM "movies"
  [1m[36mMovie Load (0.0ms)[0m  [1mSELECT "movies".* FROM "movies" WHERE "movies"."rating" IN ('G', 'PG', 'PG-13', 'R')  ORDER BY release_date[0m
  Rendered movies/index.html.haml within layouts/application (9.0ms)
Completed 200 OK in 108ms (Views: 105.0ms | ActiveRecord: 0.0ms)


Started GET "/?sort=title" for ::1 at 2016-10-17 19:16:27 -0500
Processing by MoviesController#index as HTML
  Parameters: {"sort"=>"title"}
  [1m[35m (0.0ms)[0m  SELECT "movies"."rating" FROM "movies"
Redirected to http://localhost:3000/movies?ratings%5BG%5D=1&ratings%5BPG%5D=1&ratings%5BPG-13%5D=1&ratings%5BR%5D=1&sort=title
Completed 302 Found in 4ms (ActiveRecord: 0.0ms)


Started GET "/movies?ratings%5BG%5D=1&ratings%5BPG%5D=1&ratings%5BPG-13%5D=1&ratings%5BR%5D=1&sort=title" for ::1 at 2016-10-17 19:16:27 -0500
Processing by MoviesController#index as HTML
  Parameters: {"ratings"=>{"G"=>"1", "PG"=>"1", "PG-13"=>"1", "R"=>"1"}, "sort"=>"title"}
  [1m[36m (0.0ms)[0m  [1mSELECT "movies"."rating" FROM "movies"[0m
  [1m[35mMovie Load (1.0ms)[0m  SELECT "movies".* FROM "movies" WHERE "movies"."rating" IN ('G', 'PG', 'PG-13', 'R')  ORDER BY title
  Rendered movies/index.html.haml within layouts/application (9.0ms)
Completed 200 OK in 105ms (Views: 101.2ms | ActiveRecord: 1.0ms)


Started GET "/" for 127.0.0.1 at 2016-10-18 14:30:47 -0500
  [1m[36mActiveRecord::SchemaMigration Load (1.0ms)[0m  [1mSELECT "schema_migrations".* FROM "schema_migrations"[0m
Processing by MoviesController#index as HTML
  [1m[35m (0.0ms)[0m  SELECT "movies"."rating" FROM "movies"
  [1m[36mMovie Load (1.0ms)[0m  [1mSELECT "movies".* FROM "movies" WHERE "movies"."rating" IN ('G', 'R', 'PG-13', 'PG')[0m
  Rendered movies/index.html.haml within layouts/application (86.1ms)
Completed 200 OK in 2661ms (Views: 2366.1ms | ActiveRecord: 4.0ms)


Started GET "/" for ::1 at 2016-10-18 14:31:15 -0500
Processing by MoviesController#index as HTML
  [1m[35m (1.0ms)[0m  SELECT "movies"."rating" FROM "movies"
  [1m[36mMovie Load (1.0ms)[0m  [1mSELECT "movies".* FROM "movies" WHERE "movies"."rating" IN ('G', 'R', 'PG-13', 'PG')[0m
  Rendered movies/index.html.haml within layouts/application (9.0ms)
Completed 200 OK in 104ms (Views: 100.3ms | ActiveRecord: 2.0ms)


Started GET "/assets/default.self-c198bf7e0d6ab38de0aaf404c320b15f28a155ee2f340fc3b98e8ebaeb5ecdec.css?body=1" for ::1 at 2016-10-18 14:31:15 -0500


Started GET "/assets/application.self-e80e8f2318043e8af94dddc2adad5a4f09739a8ebb323b3ab31cd71d45fd9113.css?body=1" for ::1 at 2016-10-18 14:31:15 -0500


Started GET "/assets/jquery.self-660adc51e0224b731d29f575a6f1ec167ba08ad06ed5deca4f1e8654c135bf4c.js?body=1" for ::1 at 2016-10-18 14:31:15 -0500


Started GET "/assets/jquery_ujs.self-e87806d0cf4489aeb1bb7288016024e8de67fd18db693fe026fe3907581e53cd.js?body=1" for ::1 at 2016-10-18 14:31:15 -0500


Started GET "/assets/application.self-377610cd7c1509e934744c810e3b4cf672dfbcacac3274e7d039827e2ae0fcc7.js?body=1" for ::1 at 2016-10-18 14:31:15 -0500


Started GET "/?sort=title" for ::1 at 2016-10-18 14:31:22 -0500
Processing by MoviesController#index as HTML
  Parameters: {"sort"=>"title"}
  [1m[35m (0.0ms)[0m  SELECT "movies"."rating" FROM "movies"
Redirected to http://localhost:3000/movies?ratings%5BG%5D=1&ratings%5BPG%5D=1&ratings%5BPG-13%5D=1&ratings%5BR%5D=1&sort=title
Completed 302 Found in 44ms (ActiveRecord: 0.0ms)


Started GET "/movies?ratings%5BG%5D=1&ratings%5BPG%5D=1&ratings%5BPG-13%5D=1&ratings%5BR%5D=1&sort=title" for ::1 at 2016-10-18 14:31:22 -0500
Processing by MoviesController#index as HTML
  Parameters: {"ratings"=>{"G"=>"1", "PG"=>"1", "PG-13"=>"1", "R"=>"1"}, "sort"=>"title"}
  [1m[36m (1.0ms)[0m  [1mSELECT "movies"."rating" FROM "movies"[0m
  [1m[35mMovie Load (0.0ms)[0m  SELECT "movies".* FROM "movies" WHERE "movies"."rating" IN ('G', 'PG', 'PG-13', 'R')  ORDER BY title
  Rendered movies/index.html.haml within layouts/application (11.0ms)
Completed 200 OK in 120ms (Views: 117.0ms | ActiveRecord: 1.0ms)


Started GET "/movies?utf8=%E2%9C%93&ratings%5BG%5D=1&ratings%5BPG%5D=1&commit=Refresh" for ::1 at 2016-10-18 14:31:26 -0500
Processing by MoviesController#index as HTML
  Parameters: {"utf8"=>"âœ“", "ratings"=>{"G"=>"1", "PG"=>"1"}, "commit"=>"Refresh"}
  [1m[36m (1.1ms)[0m  [1mSELECT "movies"."rating" FROM "movies"[0m
Redirected to http://localhost:3000/movies?ratings%5BG%5D=1&ratings%5BPG%5D=1&sort=title
Completed 302 Found in 13ms (ActiveRecord: 1.1ms)


Started GET "/movies?ratings%5BG%5D=1&ratings%5BPG%5D=1&sort=title" for ::1 at 2016-10-18 14:31:26 -0500
Processing by MoviesController#index as HTML
  Parameters: {"ratings"=>{"G"=>"1", "PG"=>"1"}, "sort"=>"title"}
  [1m[35m (0.0ms)[0m  SELECT "movies"."rating" FROM "movies"
  [1m[36mMovie Load (1.0ms)[0m  [1mSELECT "movies".* FROM "movies" WHERE "movies"."rating" IN ('G', 'PG')  ORDER BY title[0m
  Rendered movies/index.html.haml within layouts/application (9.0ms)
Completed 200 OK in 169ms (Views: 162.4ms | ActiveRecord: 1.0ms)


Started GET "/movies?utf8=%E2%9C%93&ratings%5BG%5D=1&ratings%5BR%5D=1&ratings%5BPG%5D=1&commit=Refresh" for ::1 at 2016-10-18 14:31:29 -0500
Processing by MoviesController#index as HTML
  Parameters: {"utf8"=>"âœ“", "ratings"=>{"G"=>"1", "R"=>"1", "PG"=>"1"}, "commit"=>"Refresh"}
  [1m[35m (0.0ms)[0m  SELECT "movies"."rating" FROM "movies"
Redirected to http://localhost:3000/movies?ratings%5BG%5D=1&ratings%5BPG%5D=1&ratings%5BR%5D=1&sort=title
Completed 302 Found in 10ms (ActiveRecord: 0.0ms)


Started GET "/movies?ratings%5BG%5D=1&ratings%5BPG%5D=1&ratings%5BR%5D=1&sort=title" for ::1 at 2016-10-18 14:31:29 -0500
Processing by MoviesController#index as HTML
  Parameters: {"ratings"=>{"G"=>"1", "PG"=>"1", "R"=>"1"}, "sort"=>"title"}
  [1m[36m (0.5ms)[0m  [1mSELECT "movies"."rating" FROM "movies"[0m
  [1m[35mMovie Load (0.5ms)[0m  SELECT "movies".* FROM "movies" WHERE "movies"."rating" IN ('G', 'PG', 'R')  ORDER BY title
  Rendered movies/index.html.haml within layouts/application (10.5ms)
Completed 200 OK in 147ms (Views: 142.1ms | ActiveRecord: 1.0ms)


Started GET "/" for ::1 at 2016-10-18 15:54:09 -0500
  [1m[36mActiveRecord::SchemaMigration Load (0.0ms)[0m  [1mSELECT "schema_migrations".* FROM "schema_migrations"[0m
Processing by MoviesController#index as HTML
  [1m[35m (1.0ms)[0m  SELECT "movies"."rating" FROM "movies"
Redirected to http://localhost:3000/movies?ratings%5BG%5D=1&ratings%5BPG%5D=1&ratings%5BR%5D=1&sort=title
Completed 302 Found in 193ms (ActiveRecord: 2.0ms)


Started GET "/movies?ratings%5BG%5D=1&ratings%5BPG%5D=1&ratings%5BR%5D=1&sort=title" for ::1 at 2016-10-18 15:54:26 -0500
Processing by MoviesController#index as HTML
  Parameters: {"ratings"=>{"G"=>"1", "PG"=>"1", "R"=>"1"}, "sort"=>"title"}
  [1m[36m (1.0ms)[0m  [1mSELECT "movies"."rating" FROM "movies"[0m
  [1m[35mMovie Load (0.0ms)[0m  SELECT "movies".* FROM "movies" WHERE "movies"."rating" IN ('G', 'PG', 'R')  ORDER BY title
  Rendered movies/index.html.haml within layouts/application (25.0ms)
Completed 200 OK in 728ms (Views: 703.8ms | ActiveRecord: 1.0ms)


Started GET "/assets/default.self-c198bf7e0d6ab38de0aaf404c320b15f28a155ee2f340fc3b98e8ebaeb5ecdec.css?body=1" for ::1 at 2016-10-18 15:54:27 -0500


Started GET "/assets/application.self-e80e8f2318043e8af94dddc2adad5a4f09739a8ebb323b3ab31cd71d45fd9113.css?body=1" for ::1 at 2016-10-18 15:54:27 -0500


Started GET "/assets/jquery.self-660adc51e0224b731d29f575a6f1ec167ba08ad06ed5deca4f1e8654c135bf4c.js?body=1" for ::1 at 2016-10-18 15:54:27 -0500


Started GET "/assets/jquery_ujs.self-e87806d0cf4489aeb1bb7288016024e8de67fd18db693fe026fe3907581e53cd.js?body=1" for ::1 at 2016-10-18 15:54:27 -0500


Started GET "/assets/application.self-377610cd7c1509e934744c810e3b4cf672dfbcacac3274e7d039827e2ae0fcc7.js?body=1" for ::1 at 2016-10-18 15:54:27 -0500


Started GET "/movies?utf8=%E2%9C%93&ratings%5BG%5D=1&ratings%5BR%5D=1&ratings%5BPG-13%5D=1&ratings%5BPG%5D=1&commit=Refresh" for ::1 at 2016-10-18 15:54:31 -0500
Processing by MoviesController#index as HTML
  Parameters: {"utf8"=>"âœ“", "ratings"=>{"G"=>"1", "R"=>"1", "PG-13"=>"1", "PG"=>"1"}, "commit"=>"Refresh"}
  [1m[36m (0.0ms)[0m  [1mSELECT "movies"."rating" FROM "movies"[0m
Redirected to http://localhost:3000/movies?ratings%5BG%5D=1&ratings%5BPG%5D=1&ratings%5BPG-13%5D=1&ratings%5BR%5D=1&sort=title
Completed 302 Found in 7ms (ActiveRecord: 0.0ms)


Started GET "/movies?ratings%5BG%5D=1&ratings%5BPG%5D=1&ratings%5BPG-13%5D=1&ratings%5BR%5D=1&sort=title" for ::1 at 2016-10-18 15:54:32 -0500
Processing by MoviesController#index as HTML
  Parameters: {"ratings"=>{"G"=>"1", "PG"=>"1", "PG-13"=>"1", "R"=>"1"}, "sort"=>"title"}
  [1m[35m (1.0ms)[0m  SELECT "movies"."rating" FROM "movies"
  [1m[36mMovie Load (1.0ms)[0m  [1mSELECT "movies".* FROM "movies" WHERE "movies"."rating" IN ('G', 'PG', 'PG-13', 'R')  ORDER BY title[0m
  Rendered movies/index.html.haml within layouts/application (9.0ms)
Completed 200 OK in 148ms (Views: 141.8ms | ActiveRecord: 2.0ms)


Started GET "/movies?utf8=%E2%9C%93&ratings%5BG%5D=1&ratings%5BPG-13%5D=1&ratings%5BPG%5D=1&commit=Refresh" for ::1 at 2016-10-18 15:54:34 -0500
Processing by MoviesController#index as HTML
  Parameters: {"utf8"=>"âœ“", "ratings"=>{"G"=>"1", "PG-13"=>"1", "PG"=>"1"}, "commit"=>"Refresh"}
  [1m[35m (1.0ms)[0m  SELECT "movies"."rating" FROM "movies"
Redirected to http://localhost:3000/movies?ratings%5BG%5D=1&ratings%5BPG%5D=1&ratings%5BPG-13%5D=1&sort=title
Completed 302 Found in 5ms (ActiveRecord: 1.0ms)


Started GET "/movies?ratings%5BG%5D=1&ratings%5BPG%5D=1&ratings%5BPG-13%5D=1&sort=title" for ::1 at 2016-10-18 15:54:34 -0500
Processing by MoviesController#index as HTML
  Parameters: {"ratings"=>{"G"=>"1", "PG"=>"1", "PG-13"=>"1"}, "sort"=>"title"}
  [1m[36m (0.0ms)[0m  [1mSELECT "movies"."rating" FROM "movies"[0m
  [1m[35mMovie Load (2.0ms)[0m  SELECT "movies".* FROM "movies" WHERE "movies"."rating" IN ('G', 'PG', 'PG-13')  ORDER BY title
  Rendered movies/index.html.haml within layouts/application (11.0ms)
Completed 200 OK in 162ms (Views: 141.7ms | ActiveRecord: 2.0ms)


Started GET "/?sort=release_date" for ::1 at 2016-10-18 15:54:36 -0500
Processing by MoviesController#index as HTML
  Parameters: {"sort"=>"release_date"}
  [1m[36m (0.0ms)[0m  [1mSELECT "movies"."rating" FROM "movies"[0m
Redirected to http://localhost:3000/movies?ratings%5BG%5D=1&ratings%5BPG%5D=1&ratings%5BPG-13%5D=1&sort=release_date
Completed 302 Found in 8ms (ActiveRecord: 0.0ms)


Started GET "/movies?ratings%5BG%5D=1&ratings%5BPG%5D=1&ratings%5BPG-13%5D=1&sort=release_date" for ::1 at 2016-10-18 15:54:36 -0500
Processing by MoviesController#index as HTML
  Parameters: {"ratings"=>{"G"=>"1", "PG"=>"1", "PG-13"=>"1"}, "sort"=>"release_date"}
  [1m[35m (0.0ms)[0m  SELECT "movies"."rating" FROM "movies"
  [1m[36mMovie Load (0.0ms)[0m  [1mSELECT "movies".* FROM "movies" WHERE "movies"."rating" IN ('G', 'PG', 'PG-13')  ORDER BY release_date[0m
  Rendered movies/index.html.haml within layouts/application (14.0ms)
Completed 200 OK in 144ms (Views: 137.9ms | ActiveRecord: 0.0ms)
